[0m10:19:14.565091 [debug] [MainThread]: Sending event: {'category': 'dbt', 'action': 'invocation', 'label': 'start', 'context': [<snowplow_tracker.self_describing_json.SelfDescribingJson object at 0x000002691F12ACC0>, <snowplow_tracker.self_describing_json.SelfDescribingJson object at 0x0000026923098B00>, <snowplow_tracker.self_describing_json.SelfDescribingJson object at 0x000002691FB97740>]}


============================== 10:19:14.721848 | 0440ad97-d765-409d-a8ef-bcd554efcf1a ==============================
[0m10:19:14.721848 [info ] [MainThread]: Running with dbt=1.10.10
[0m10:19:14.723870 [debug] [MainThread]: running dbt with arguments {'partial_parse': 'True', 'profiles_dir': 'C:\\Users\\lenovo\\.dbt', 'send_anonymous_usage_stats': 'True', 'warn_error': 'None', 'cache_selected_only': 'False', 'target_path': 'None', 'version_check': 'True', 'invocation_command': 'dbt init', 'log_format': 'default', 'use_colors': 'True', 'introspect': 'True', 'debug': 'False', 'printer_width': '80', 'fail_fast': 'False', 'no_print': 'None', 'quiet': 'False', 'empty': 'None', 'use_experimental_parser': 'False', 'log_cache_events': 'False', 'indirect_selection': 'eager', 'log_path': 'logs', 'write_json': 'True', 'static_parser': 'True', 'warn_error_options': 'WarnErrorOptionsV2(error=[], warn=[], silence=[])'}
[0m10:19:15.129310 [info ] [MainThread]: Creating dbt configuration folder at C:\Users\lenovo\.dbt
[0m10:20:10.242679 [debug] [MainThread]: Starter project path: C:\Users\lenovo\Desktop\DBT\.venv\Lib\site-packages\dbt\include\starter_project
[0m10:20:10.286478 [info ] [MainThread]: 
Your new dbt project "dbt_project" was created!

For more information on how to configure the profiles.yml file,
please consult the dbt documentation here:

  https://docs.getdbt.com/docs/configure-your-profile

One more thing:

Need help? Don't hesitate to reach out to us via GitHub issues or on Slack:

  https://community.getdbt.com/

Happy modeling!

[0m10:20:10.287639 [info ] [MainThread]: Setting up your profile.
[0m10:20:43.050666 [debug] [MainThread]: Spark adapter: Setting pyhive.hive logging to ERROR
[0m10:20:43.050666 [debug] [MainThread]: Spark adapter: Setting thrift.transport logging to ERROR
[0m10:20:43.051670 [debug] [MainThread]: Spark adapter: Setting thrift.protocol logging to ERROR
[0m10:26:26.893097 [info ] [MainThread]: Profile dbt_project written to C:\Users\lenovo\.dbt\profiles.yml using target's profile_template.yml and your supplied values. Run 'dbt debug' to validate the connection.
[0m10:26:26.894094 [debug] [MainThread]: Command `dbt init` succeeded at 10:26:26.894094 after 432.50 seconds
[0m10:26:26.895129 [debug] [MainThread]: Sending event: {'category': 'dbt', 'action': 'invocation', 'label': 'end', 'context': [<snowplow_tracker.self_describing_json.SelfDescribingJson object at 0x000002691FB97740>, <snowplow_tracker.self_describing_json.SelfDescribingJson object at 0x00000269358C8FB0>, <snowplow_tracker.self_describing_json.SelfDescribingJson object at 0x0000026935713470>]}
[0m10:26:26.895129 [debug] [MainThread]: Flushing usage events
[0m10:26:28.303574 [debug] [MainThread]: An error was encountered while trying to flush usage events
